mode: set
github.com/srastogi27/prime/prime.go:6.31,7.53 1 1
github.com/srastogi27/prime/prime.go:13.2,13.13 1 1
github.com/srastogi27/prime/prime.go:7.53,8.17 1 1
github.com/srastogi27/prime/prime.go:8.17,10.4 1 1
github.com/srastogi27/prime/prime.go:17.31,18.14 1 1
github.com/srastogi27/prime/prime.go:22.2,24.28 2 1
github.com/srastogi27/prime/prime.go:30.2,30.15 1 1
github.com/srastogi27/prime/prime.go:18.14,20.3 1 1
github.com/srastogi27/prime/prime.go:24.28,25.20 1 1
github.com/srastogi27/prime/prime.go:25.20,27.4 1 1
